<?xml version="1.0" encoding="UTF-8"?>
<!-- Generated by org.testng.reporters.JUnitReportReporter -->
<testsuite hostname="DESKTOP-LO4NP08" failures="0" tests="5" name="com.mvn.Testngsignup" time="31.821" errors="0" timestamp="2024-07-11T11:08:05 IST" skipped="0">
  <testcase classname="com.mvn.Testngsignup" name="enterUsername" time="2.260"/>
  <testcase classname="com.mvn.Testngsignup" name="enteremail" time="2.220"/>
  <testcase classname="com.mvn.Testngsignup" name="clicksignup" time="4.599"/>
  <testcase classname="com.mvn.Testngsignup" name="enteraccountinformation" time="10.693"/>
  <testcase classname="com.mvn.Testngsignup" name="addressinformation" time="12.049"/>
</testsuite> <!-- com.mvn.Testngsignup -->
